err: Cannot redeclared variable 
err: Cannot redeclared variable 
err: Cannot redeclared variable 
err: Cannot redeclared variable 
err: Cannot redeclared variable 
err: Cannot redeclared variable 
err: Cannot redeclared variable 
err: Cannot redeclared variable 
err: Cannot redeclared variable 
err: Cannot redeclared variable 
err: Cannot redeclared variable 
err: Cannot redeclared variable 
err: Cannot redeclared variable 
err: Cannot redeclared variable 
err: Syntax error[valor] in line 80
err: Expecting logical expression in function call[3] in line 80
err: Syntax error[Inicio] in line 87
err: Not increment/decrement value in line [] in line 86
err: Syntax error[hata] in line 100
err: Expecting semi-colon at the end of line
err: Expecting semi-colon at the end of line
err: Expecting semi-colon at the end of line
err: Syntax error[;] in line 104
err: Expecting semi-colon at the end of line
err: Declaring size of array of undefined value
err: Cannot redeclared variable 
err: Cannot redeclared variable 
err: Cannot redeclared variable 
err: Cannot redeclared variable 
err: Cannot redeclared variable 
err: Cannot redeclared variable 
err: Cannot redeclared variable 
err: Cannot redeclared variable 
err: Cannot redeclared variable 
err: Cannot redeclared variable 
err: Cannot redeclared variable 
err: Cannot redeclared variable 
err: Cannot redeclared variable 
err: Cannot redeclared variable 
err: Cannot redeclared variable 
err: Cannot redeclared variable 
err: Cannot redeclared variable 
err: Cannot redeclared variable 
err: Cannot redeclared variable 
err: Cannot redeclared variable 
err: Cannot redeclared variable 
err: Cannot redeclared variable 
err: Cannot redeclared variable 
err: Cannot redeclared variable 
err: Cannot redeclared variable 
err: Cannot redeclared variable 
err: Cannot redeclared variable 
err: Cannot redeclared variable 
err: Cannot redeclared variable 
err: Cannot redeclared variable 
err: Cannot redeclared variable 
err: Syntax error[(] in line 110
err: Not increment/decrement value in line [] in line 110
err: Syntax error[Si] in line 112
err: Not increment/decrement value in line [] in line 111
err: Syntax error[Fin] in line 113
err: Expecting semi-colon at the end of line
err: Expecting semi-colon at the end of line
err: Syntax error[Imprimenl] in line 118
err: Not increment/decrement value in line [] in line 117
err: Syntax error[Desde] in line 124
err: Syntax error[Inicio] in line 125
err: Not increment/decrement value in line [] in line 124
err: Not increment/decrement value in line [] in line 123
err: Syntax error[Desde] in line 134
err: Syntax error[Matriz] in line 135
err: Not increment/decrement value in line [] in line 134
err: Not increment/decrement value in line [] in line 133
err: Syntax error[Desde] in line 141
err: Syntax error[Imprimenl] in line 142
err: Not increment/decrement value in line [] in line 141
err: Not increment/decrement value in line [] in line 140
err: Syntax error[;] in line 150
err: Missing parenthesis at end of IMPRIMENL statement [] in line 150
